309  [main] INFO  io.javalin.Javalin - JAVALIN HANDLER REGISTRATION DEBUG LOG: POST[/login] 
310  [main] INFO  io.javalin.Javalin - JAVALIN HANDLER REGISTRATION DEBUG LOG: POST[/register] 
310  [main] INFO  io.javalin.Javalin - JAVALIN HANDLER REGISTRATION DEBUG LOG: POST[/logout] 
311  [main] INFO  io.javalin.Javalin - JAVALIN HANDLER REGISTRATION DEBUG LOG: BEFORE[/api/*] 
311  [main] INFO  io.javalin.Javalin - JAVALIN HANDLER REGISTRATION DEBUG LOG: GET[/api/planets] 
313  [main] INFO  io.javalin.Javalin - JAVALIN HANDLER REGISTRATION DEBUG LOG: GET[/api/planet/{name}] 
313  [main] INFO  io.javalin.Javalin - JAVALIN HANDLER REGISTRATION DEBUG LOG: GET[/api/planet/id/{id}] 
314  [main] INFO  io.javalin.Javalin - JAVALIN HANDLER REGISTRATION DEBUG LOG: GET[/api/planet/{id}/moons] 
314  [main] INFO  io.javalin.Javalin - JAVALIN HANDLER REGISTRATION DEBUG LOG: GET[/api/moons] 
314  [main] INFO  io.javalin.Javalin - JAVALIN HANDLER REGISTRATION DEBUG LOG: GET[/api/moon/{name}] 
314  [main] INFO  io.javalin.Javalin - JAVALIN HANDLER REGISTRATION DEBUG LOG: GET[/api/moon/id/{id}] 
315  [main] INFO  io.javalin.Javalin - JAVALIN HANDLER REGISTRATION DEBUG LOG: POST[/api/planet] 
315  [main] INFO  io.javalin.Javalin - JAVALIN HANDLER REGISTRATION DEBUG LOG: POST[/api/moon] 
315  [main] INFO  io.javalin.Javalin - JAVALIN HANDLER REGISTRATION DEBUG LOG: DELETE[/api/planet/{id}] 
315  [main] INFO  io.javalin.Javalin - JAVALIN HANDLER REGISTRATION DEBUG LOG: DELETE[/api/moon/{id}] 
317  [main] INFO  io.javalin.Javalin - Starting Javalin ... 
399  [main] INFO  org.eclipse.jetty.server.Server - jetty-11.0.12; built: 2022-09-14T02:38:00.723Z; git: d5b8c29485f5f56a14be5f20c2ccce81b93c5555; jvm 11.0.17+8 
464  [main] INFO  o.e.j.s.s.DefaultSessionIdManager - Session workerName=node0 
474  [main] INFO  o.e.j.server.handler.ContextHandler - Started i.j.j.@68be8808{/,null,AVAILABLE} 
569  [main] INFO  o.e.jetty.server.AbstractConnector - Started ServerConnector@7cb502c{HTTP/1.1, (http/1.1)}{0.0.0.0:7000} 
579  [main] INFO  org.eclipse.jetty.server.Server - Started Server@5e3d57c7{STARTING}[11.0.12,sto=0] @707ms 
579  [main] INFO  io.javalin.Javalin - 
       __                  ___          ______
      / /___ __   ______ _/ (_)___     / ____/
 __  / / __ `/ | / / __ `/ / / __ \   /___ \
/ /_/ / /_/ /| |/ / /_/ / / / / / /  ____/ /
\____/\__,_/ |___/\__,_/_/_/_/ /_/  /_____/

       https://javalin.io/documentation
 
585  [main] INFO  io.javalin.Javalin - Listening on http://localhost:7000/ 
601  [main] INFO  io.javalin.Javalin - You are running Javalin 5.1.3 (released October 30, 2022). 
602  [main] INFO  io.javalin.Javalin - Javalin started in 286ms \o/ 
13389 [JettyServerThreadPool-37] INFO  io.javalin.Javalin - JAVALIN REQUEST DEBUG LOG:
Request: POST [/register]
    Matching endpoint-handlers: [POST=/register]
    Headers: {Accept=*/*, User-Agent=Thunder Client (https://www.thunderclient.com), Connection=close, Host=localhost:7000, Accept-Encoding=gzip, deflate, br, Content-Length=61, Content-Type=application/json}
    Cookies: {}
    Body: {
  "username" : "Username01",
  "password" : "Password01"
}

    QueryString: null
    QueryParams: {}
    FormParams: {}
Response: [201 Created], execution took 762.96 ms
    Headers: {Connection=close, Date=Wed, 21 Dec 2022 02:56:25 GMT, Content-Type=application/json}
    Body is 56 bytes (starts on next line):
    {"id":2,"username":"Username01","password":"Password01"}
---------------------------------------------------------------------------------- 
13847 [JettyServerThreadPool-28] INFO  io.javalin.Javalin - JAVALIN REQUEST DEBUG LOG:
Request: POST [/login]
    Matching endpoint-handlers: [POST=/login]
    Headers: {Accept=*/*, User-Agent=Thunder Client (https://www.thunderclient.com), Connection=close, Host=localhost:7000, Accept-Encoding=gzip, deflate, br, Content-Length=61, Content-Type=application/json}
    Cookies: {}
    Body: {
  "username" : "Username01",
  "password" : "Password01"
}

    QueryString: null
    QueryParams: {}
    FormParams: {}
Response: [200 OK], execution took 430.01 ms
    Headers: {Connection=close, Set-Cookie=JSESSIONID=node08vli2s5xmdi616nmqfjpuahxi0.node0; Path=/; HttpOnly; SameSite=Lax, Expires=Thu, 01 Jan 1970 00:00:00 GMT, Date=Wed, 21 Dec 2022 02:56:26 GMT, Content-Type=text/plain}
    No body was set
---------------------------------------------------------------------------------- 
14268 [JettyServerThreadPool-23] INFO  io.javalin.Javalin - JAVALIN REQUEST DEBUG LOG:
Request: GET [/api/planets]
    Matching endpoint-handlers: [BEFORE=/api/*, GET=api/planets]
    Headers: {Cookie=JSESSIONID=node08vli2s5xmdi616nmqfjpuahxi0.node0, Accept=*/*, User-Agent=Thunder Client (https://www.thunderclient.com), Connection=close, Host=localhost:7000, Accept-Encoding=gzip, deflate, br}
    Cookies: {JSESSIONID=node08vli2s5xmdi616nmqfjpuahxi0.node0}
    Body: 
    QueryString: null
    QueryParams: {}
    FormParams: {}
Response: [200 OK], execution took 404.92 ms
    Headers: {Connection=close, Date=Wed, 21 Dec 2022 02:56:27 GMT, Content-Type=application/json}
    Body is 76 bytes (starts on next line):
    [{"id":2,"name":"Jupiter","ownerId":1},{"id":3,"name":"Saturn","ownerId":1}]
---------------------------------------------------------------------------------- 
14698 [JettyServerThreadPool-24] INFO  io.javalin.Javalin - JAVALIN REQUEST DEBUG LOG:
Request: GET [/api/planet/Jupiter]
    Matching endpoint-handlers: [BEFORE=/api/*, GET=api/planet/{name}]
    Headers: {Cookie=JSESSIONID=node08vli2s5xmdi616nmqfjpuahxi0.node0, Accept=*/*, User-Agent=Thunder Client (https://www.thunderclient.com), Connection=close, Host=localhost:7000, Accept-Encoding=gzip, deflate, br}
    Cookies: {JSESSIONID=node08vli2s5xmdi616nmqfjpuahxi0.node0}
    Body: 
    QueryString: null
    QueryParams: {}
    FormParams: {}
Response: [200 OK], execution took 403.23 ms
    Headers: {Connection=close, Date=Wed, 21 Dec 2022 02:56:27 GMT, Content-Type=application/json}
    Body is 37 bytes (starts on next line):
    {"id":2,"name":"Jupiter","ownerId":1}
---------------------------------------------------------------------------------- 
15108 [JettyServerThreadPool-27] INFO  io.javalin.Javalin - JAVALIN REQUEST DEBUG LOG:
Request: GET [/api/planet/id/3]
    Matching endpoint-handlers: [BEFORE=/api/*, GET=api/planet/id/{id}]
    Headers: {Cookie=JSESSIONID=node08vli2s5xmdi616nmqfjpuahxi0.node0, Accept=*/*, User-Agent=Thunder Client (https://www.thunderclient.com), Connection=close, Host=localhost:7000, Accept-Encoding=gzip, deflate, br}
    Cookies: {JSESSIONID=node08vli2s5xmdi616nmqfjpuahxi0.node0}
    Body: 
    QueryString: null
    QueryParams: {}
    FormParams: {}
Response: [200 OK], execution took 398.38 ms
    Headers: {Connection=close, Date=Wed, 21 Dec 2022 02:56:28 GMT, Content-Type=application/json}
    Body is 36 bytes (starts on next line):
    {"id":3,"name":"Saturn","ownerId":1}
---------------------------------------------------------------------------------- 
15546 [JettyServerThreadPool-25] INFO  io.javalin.Javalin - JAVALIN REQUEST DEBUG LOG:
Request: GET [/api/planet/1/moons]
    Matching endpoint-handlers: [BEFORE=/api/*, GET=api/planet/{id}/moons]
    Headers: {Cookie=JSESSIONID=node08vli2s5xmdi616nmqfjpuahxi0.node0, Accept=*/*, User-Agent=Thunder Client (https://www.thunderclient.com), Connection=close, Host=localhost:7000, Accept-Encoding=gzip, deflate, br}
    Cookies: {JSESSIONID=node08vli2s5xmdi616nmqfjpuahxi0.node0}
    Body: 
    QueryString: null
    QueryParams: {}
    FormParams: {}
Response: [200 OK], execution took 414.18 ms
    Headers: {Connection=close, Date=Wed, 21 Dec 2022 02:56:28 GMT, Content-Type=application/json}
    Body is 39 bytes (starts on next line):
    [{"id":1,"name":"Luna","myPlanetId":1}]
---------------------------------------------------------------------------------- 
15944 [JettyServerThreadPool-29] INFO  io.javalin.Javalin - JAVALIN REQUEST DEBUG LOG:
Request: GET [/api/moons]
    Matching endpoint-handlers: [BEFORE=/api/*, GET=api/moons]
    Headers: {Cookie=JSESSIONID=node08vli2s5xmdi616nmqfjpuahxi0.node0, Accept=*/*, User-Agent=Thunder Client (https://www.thunderclient.com), Connection=close, Host=localhost:7000, Accept-Encoding=gzip, deflate, br}
    Cookies: {JSESSIONID=node08vli2s5xmdi616nmqfjpuahxi0.node0}
    Body: 
    QueryString: null
    QueryParams: {}
    FormParams: {}
Response: [200 OK], execution took 383.35 ms
    Headers: {Connection=close, Date=Wed, 21 Dec 2022 02:56:28 GMT, Content-Type=application/json}
    Body is 118 bytes (starts on next line):
    [{"id":1,"name":"Luna","myPlanetId":1},{"id":2,"name":"Luna2","myPlanetId":2},{"id":3,"name":"Cookie","myPlanetId":3}]
---------------------------------------------------------------------------------- 
16382 [JettyServerThreadPool-22] INFO  io.javalin.Javalin - JAVALIN REQUEST DEBUG LOG:
Request: GET [/api/moon/Luna]
    Matching endpoint-handlers: [BEFORE=/api/*, GET=api/moon/{name}]
    Headers: {Cookie=JSESSIONID=node08vli2s5xmdi616nmqfjpuahxi0.node0, Accept=*/*, User-Agent=Thunder Client (https://www.thunderclient.com), Connection=close, Host=localhost:7000, Accept-Encoding=gzip, deflate, br}
    Cookies: {JSESSIONID=node08vli2s5xmdi616nmqfjpuahxi0.node0}
    Body: 
    QueryString: null
    QueryParams: {}
    FormParams: {}
Response: [200 OK], execution took 414.33 ms
    Headers: {Connection=close, Date=Wed, 21 Dec 2022 02:56:29 GMT, Content-Type=application/json}
    Body is 37 bytes (starts on next line):
    {"id":1,"name":"Luna","myPlanetId":1}
---------------------------------------------------------------------------------- 
16782 [JettyServerThreadPool-35] INFO  io.javalin.Javalin - JAVALIN REQUEST DEBUG LOG:
Request: GET [/api/moon/id/1]
    Matching endpoint-handlers: [BEFORE=/api/*, GET=api/moon/id/{id}]
    Headers: {Cookie=JSESSIONID=node08vli2s5xmdi616nmqfjpuahxi0.node0, Accept=*/*, User-Agent=Thunder Client (https://www.thunderclient.com), Connection=close, Host=localhost:7000, Accept-Encoding=gzip, deflate, br}
    Cookies: {JSESSIONID=node08vli2s5xmdi616nmqfjpuahxi0.node0}
    Body: 
    QueryString: null
    QueryParams: {}
    FormParams: {}
Response: [200 OK], execution took 378.74 ms
    Headers: {Connection=close, Date=Wed, 21 Dec 2022 02:56:29 GMT, Content-Type=application/json}
    Body is 37 bytes (starts on next line):
    {"id":1,"name":"Luna","myPlanetId":1}
---------------------------------------------------------------------------------- 
17202 [JettyServerThreadPool-37] INFO  io.javalin.Javalin - JAVALIN REQUEST DEBUG LOG:
Request: POST [/api/planet]
    Matching endpoint-handlers: [BEFORE=/api/*, POST=api/planet]
    Headers: {Cookie=JSESSIONID=node08vli2s5xmdi616nmqfjpuahxi0.node0, Accept=*/*, User-Agent=Thunder Client (https://www.thunderclient.com), Connection=close, Host=localhost:7000, Accept-Encoding=gzip, deflate, br, Content-Length=39, Content-Type=application/json}
    Cookies: {JSESSIONID=node08vli2s5xmdi616nmqfjpuahxi0.node0}
    Body: {
  "name": "Jupiter",
  "ownerId": 2
}
    QueryString: null
    QueryParams: {}
    FormParams: {}
Response: [201 Created], execution took 395.30 ms
    Headers: {Connection=close, Date=Wed, 21 Dec 2022 02:56:30 GMT, Content-Type=application/json}
    Body is 37 bytes (starts on next line):
    {"id":4,"name":"Jupiter","ownerId":2}
---------------------------------------------------------------------------------- 
17617 [JettyServerThreadPool-26] INFO  io.javalin.Javalin - JAVALIN REQUEST DEBUG LOG:
Request: POST [/api/moon]
    Matching endpoint-handlers: [BEFORE=/api/*, POST=api/moon]
    Headers: {Cookie=JSESSIONID=node08vli2s5xmdi616nmqfjpuahxi0.node0, Accept=*/*, User-Agent=Thunder Client (https://www.thunderclient.com), Connection=close, Host=localhost:7000, Accept-Encoding=gzip, deflate, br, Content-Length=50, Content-Type=application/json}
    Cookies: {JSESSIONID=node08vli2s5xmdi616nmqfjpuahxi0.node0}
    Body: {
  "id": 0,
  "name": "Mars",
  "myPlanetId": 2
}
    QueryString: null
    QueryParams: {}
    FormParams: {}
Response: [201 Created], execution took 391.57 ms
    Headers: {Connection=close, Date=Wed, 21 Dec 2022 02:56:30 GMT, Content-Type=application/json}
    Body is 37 bytes (starts on next line):
    {"id":4,"name":"Mars","myPlanetId":2}
---------------------------------------------------------------------------------- 
18021 [JettyServerThreadPool-28] INFO  io.javalin.Javalin - JAVALIN REQUEST DEBUG LOG:
Request: DELETE [/api/planet/1]
    Matching endpoint-handlers: [BEFORE=/api/*, DELETE=api/planet/{id}]
    Headers: {Cookie=JSESSIONID=node08vli2s5xmdi616nmqfjpuahxi0.node0, Accept=*/*, User-Agent=Thunder Client (https://www.thunderclient.com), Connection=close, Host=localhost:7000, Accept-Encoding=gzip, deflate, br}
    Cookies: {JSESSIONID=node08vli2s5xmdi616nmqfjpuahxi0.node0}
    Body: 
    QueryString: null
    QueryParams: {}
    FormParams: {}
Response: [202 Accepted], execution took 391.56 ms
    Headers: {Connection=close, Date=Wed, 21 Dec 2022 02:56:30 GMT, Content-Type=application/json}
    Body is 27 bytes (starts on next line):
    Planet successfully deleted
---------------------------------------------------------------------------------- 
18393 [JettyServerThreadPool-23] INFO  io.javalin.Javalin - JAVALIN REQUEST DEBUG LOG:
Request: DELETE [/api/moon/3]
    Matching endpoint-handlers: [BEFORE=/api/*, DELETE=api/moon/{id}]
    Headers: {Cookie=JSESSIONID=node08vli2s5xmdi616nmqfjpuahxi0.node0, Accept=*/*, User-Agent=Thunder Client (https://www.thunderclient.com), Connection=close, Host=localhost:7000, Accept-Encoding=gzip, deflate, br}
    Cookies: {JSESSIONID=node08vli2s5xmdi616nmqfjpuahxi0.node0}
    Body: 
    QueryString: null
    QueryParams: {}
    FormParams: {}
Response: [202 Accepted], execution took 360.88 ms
    Headers: {Connection=close, Date=Wed, 21 Dec 2022 02:56:31 GMT, Content-Type=application/json}
    Body is 25 bytes (starts on next line):
    Moon successfully deleted
---------------------------------------------------------------------------------- 
18407 [JettyServerThreadPool-24] INFO  io.javalin.Javalin - JAVALIN REQUEST DEBUG LOG:
Request: POST [/logout]
    Matching endpoint-handlers: [POST=/logout]
    Headers: {Cookie=JSESSIONID=node08vli2s5xmdi616nmqfjpuahxi0.node0, Accept=*/*, User-Agent=Thunder Client (https://www.thunderclient.com), Connection=close, Host=localhost:7000, Accept-Encoding=gzip, deflate, br, Content-Length=61, Content-Type=application/json}
    Cookies: {JSESSIONID=node08vli2s5xmdi616nmqfjpuahxi0.node0}
    Body: {
  "username" : "Username01",
  "password" : "Password01"
}

    QueryString: null
    QueryParams: {}
    FormParams: {}
Response: [200 OK], execution took 1.07 ms
    Headers: {Connection=close, Date=Wed, 21 Dec 2022 02:56:31 GMT, Content-Type=text/plain}
    No body was set
---------------------------------------------------------------------------------- 
